<?xml version="1.0" encoding="UTF-8"?>
<testng-results skipped="0" failed="0" ignored="0" total="1" passed="1">
  <reporter-output>
  </reporter-output>
  <suite name="Default suite" duration-ms="18892" started-at="2020-11-17T10:26:37 IST" finished-at="2020-11-17T10:26:55 IST">
    <groups>
      <group name="cucumber">
        <method signature="AbstractTestNGCucumberTests.runScenario(io.cucumber.testng.PickleWrapper, io.cucumber.testng.FeatureWrapper)[pri:0, instance:stepExecution.TestRunner@86be70a]" name="runScenario" class="io.cucumber.testng.AbstractTestNGCucumberTests"/>
      </group> <!-- cucumber -->
    </groups>
    <test name="Default test" duration-ms="18892" started-at="2020-11-17T10:26:37 IST" finished-at="2020-11-17T10:26:55 IST">
      <class name="stepExecution.TestRunner">
        <test-method status="PASS" signature="setUpClass()[pri:0, instance:stepExecution.TestRunner@86be70a]" name="setUpClass" is-config="true" duration-ms="916" started-at="2020-11-17T10:26:37 IST" finished-at="2020-11-17T10:26:38 IST">
          <reporter-output>
          </reporter-output>
        </test-method> <!-- setUpClass -->
        <test-method status="PASS" signature="runScenario(io.cucumber.testng.PickleWrapper, io.cucumber.testng.FeatureWrapper)[pri:0, instance:stepExecution.TestRunner@86be70a]" name="runScenario" duration-ms="17813" started-at="2020-11-17T10:26:38 IST" description="Runs Cucumber Scenarios" data-provider="scenarios" finished-at="2020-11-17T10:26:55 IST">
          <params>
            <param index="0">
              <value>
                <![CDATA["Validate succesful Login with valid data"]]>
              </value>
            </param>
            <param index="1">
              <value>
                <![CDATA["Optional[Validating Login Screen]"]]>
              </value>
            </param>
          </params>
          <reporter-output>
          </reporter-output>
        </test-method> <!-- runScenario -->
        <test-method status="PASS" signature="tearDownClass()[pri:0, instance:stepExecution.TestRunner@86be70a]" name="tearDownClass" is-config="true" duration-ms="60" started-at="2020-11-17T10:26:55 IST" finished-at="2020-11-17T10:26:55 IST">
          <reporter-output>
          </reporter-output>
        </test-method> <!-- tearDownClass -->
      </class> <!-- stepExecution.TestRunner -->
    </test> <!-- Default test -->
  </suite> <!-- Default suite -->
</testng-results>
